
Request: POST /cadastrar at Sat Jul 08 2023 09:33:17 GMT-0300, IP: ::1, User Agent: PostmanRuntime/7.32.3
Request Body:
{
	"senha": "[FILTERED]",
	"email": "[FILTERED]",
	"nome": "maycon"
}
Response Body:
{
	"errors": {
		"default": "Erro ao cadastrar o registro"
	}
}
Response: 500 23.550 ms 

Request: POST /cadastrar at Sat Jul 08 2023 09:33:42 GMT-0300, IP: ::1, User Agent: PostmanRuntime/7.32.3
Request Body:
{
	"senha": "[FILTERED]",
	"email": "[FILTERED]",
	"nome": "maycon"
}
Response Body:
2
Response: 201 8.382 ms 

Request: GET /cidades?page=1&limit=1&filter=%27%27&id=3 at Sat Jul 08 2023 09:34:11 GMT-0300, IP: ::1, User Agent: PostmanRuntime/7.32.3
Response Body:
[
	{
		"id": 3,
		"nome": "Agudo"
	}
]
Response: 200 4.618 ms 

Request: POST /cadastrar at Sat Jul 08 2023 09:35:15 GMT-0300, IP: ::1, User Agent: PostmanRuntime/7.32.3
Request Body:
{
	"senha": "[FILTERED]",
	"email": "[FILTERED]",
	"nome": "maycon"
}
Response Body:
{
	"errors": {
		"default": "Erro ao cadastrar o registro"
	}
}
Response: 500 2.642 ms 

Request: POST /cadastrar at Sat Jul 08 2023 10:10:46 GMT-0300, IP: ::1, User Agent: PostmanRuntime/7.32.3
Request Body:
{
	"senha": "[FILTERED]",
	"email": "[FILTERED]",
	"nome": "maycon"
}
Response Body:
{
	"errors": {
		"default": "Erro ao cadastrar o registro"
	}
}
Response: 500 23.711 ms 

Request: GET /cidades?page=1&limit=1&filter=%27%27&id=3 at Sat Jul 08 2023 10:10:50 GMT-0300, IP: ::1, User Agent: PostmanRuntime/7.32.3
Response Body:
{
	"errors": {
		"default": "Não autenticado"
	}
}
Response: 401 1.063 ms 

Request: GET /cidades?page=1&limit=1&filter=%27%27&id=3 at Sat Jul 08 2023 10:10:52 GMT-0300, IP: ::1, User Agent: PostmanRuntime/7.32.3
Response Body:
{
	"errors": {
		"default": "Não autenticado"
	}
}
Response: 401 0.508 ms 

Request: GET /cidades/3 at Sat Jul 08 2023 10:10:55 GMT-0300, IP: ::1, User Agent: PostmanRuntime/7.32.3
Response Body:
{
	"errors": {
		"default": "Não autenticado"
	}
}
Response: 401 0.566 ms 

Request: GET /cidades/3 at Sat Jul 08 2023 10:11:27 GMT-0300, IP: ::1, User Agent: PostmanRuntime/7.32.3
Response Body:
{
	"errors": {
		"default": "Não autenticado"
	}
}
Response: 401 0.507 ms 

Request: GET /cidades/3 at Sat Jul 08 2023 10:11:37 GMT-0300, IP: ::1, User Agent: PostmanRuntime/7.32.3
Response Body:
{
	"id": 3,
	"nome": "Agudo"
}
Response: 200 3.071 ms 

Request: GET /cidades/1 at Sat Jul 08 2023 10:11:43 GMT-0300, IP: ::1, User Agent: PostmanRuntime/7.32.3
Response Body:
{
	"id": 1,
	"nome": "Aceguá"
}
Response: 200 1.350 ms 

Request: GET /cidades/1 at Sat Jul 08 2023 10:11:45 GMT-0300, IP: ::1, User Agent: PostmanRuntime/7.32.3
Response Body:
{
	"errors": {
		"default": "Não autenticado"
	}
}
Response: 401 0.367 ms 

Request: GET /cidades/1 at Sat Jul 08 2023 10:11:49 GMT-0300, IP: ::1, User Agent: PostmanRuntime/7.32.3
Response Body:
{
	"id": 1,
	"nome": "Aceguá"
}
Response: 200 2.317 ms 

Request: POST /cidades at Sat Jul 08 2023 10:13:09 GMT-0300, IP: ::ffff:127.0.0.1, User Agent: -
Request Body:
{
	"nome": "Teste"
}
Response Body:
{
	"errors": {
		"default": "Não autenticado"
	}
}
Response: 401 40.419 ms 

Request: POST /pessoas at Sat Jul 08 2023 10:13:09 GMT-0300, IP: ::ffff:127.0.0.1, User Agent: -
Request Body:
{
	"cidadeId": {
		"errors": {
			"default": "Não autenticado"
		}
	},
	"nomeCompleto": "Juca silva",
	"email": "[FILTERED]"
}
Response Body:
{
	"errors": {
		"default": "Não autenticado"
	}
}
Response: 401 1.220 ms 

Request: GET /pessoas/99999 at Sat Jul 08 2023 10:13:09 GMT-0300, IP: ::ffff:127.0.0.1, User Agent: -

Request: POST /cidades at Sat Jul 08 2023 10:13:09 GMT-0300, IP: ::ffff:127.0.0.1, User Agent: -
Response Body:
{
	"errors": {
		"default": "Não autenticado"
	}
}
Response: 401 0.560 ms 
Request Body:
{
	"nome": "Caxias do sul"
}
Response Body:
{
	"errors": {
		"default": "Não autenticado"
	}
}
Response: 401 28.593 ms 

Request: DELETE /cidades/99999 at Sat Jul 08 2023 10:13:09 GMT-0300, IP: ::ffff:127.0.0.1, User Agent: -
Response Body:
{
	"errors": {
		"default": "Não autenticado"
	}
}
Response: 401 0.774 ms 

Request: POST /cidades at Sat Jul 08 2023 10:13:09 GMT-0300, IP: ::ffff:127.0.0.1, User Agent: -
Request Body:
{
	"nome": "Caxias do sul"
}
Response Body:
{
	"errors": {
		"default": "Não autenticado"
	}
}
Response: 401 22.834 ms 

Request: POST /cadastrar at Sat Jul 08 2023 10:13:10 GMT-0300, IP: ::ffff:127.0.0.1, User Agent: -
Request Body:
{
	"nome": "Jorge",
	"senha": "[FILTERED]",
	"email": "[FILTERED]"
}
Response Body:
1
Response: 201 39.520 ms 

Request: POST /entrar at Sat Jul 08 2023 10:13:10 GMT-0300, IP: ::ffff:127.0.0.1, User Agent: -
Request Body:
{
	"senha": "[FILTERED]",
	"email": "[FILTERED]"
}
Response Body:
{
	"accessToken": "[FILTERED]"
}
Response: 200 8.253 ms 

Request: POST /entrar at Sat Jul 08 2023 10:13:10 GMT-0300, IP: ::ffff:127.0.0.1, User Agent: -
Request Body:
{
	"senha": "[FILTERED]",
	"email": "[FILTERED]"
}
Response Body:
{
	"errors": {
		"default": "Email ou senha são inválidos"
	}
}
Response: 401 3.123 ms 

Request: POST /entrar at Sat Jul 08 2023 10:13:10 GMT-0300, IP: ::ffff:127.0.0.1, User Agent: -
Request Body:
{
	"senha": "[FILTERED]",
	"email": "[FILTERED]"
}
Response Body:
{
	"errors": {
		"default": "Email ou senha são inválidos"
	}
}
Response: 401 4.193 ms 

Request: POST /entrar at Sat Jul 08 2023 10:13:10 GMT-0300, IP: ::ffff:127.0.0.1, User Agent: -
Request Body:
{
	"senha": "[FILTERED]",
	"email": "[FILTERED]"
}
Response Body:
{
	"errors": {
		"body": {
			"email": "[FILTERED]"
		}
	}
}
Response: 400 1.932 ms 

Request: POST /entrar at Sat Jul 08 2023 10:13:10 GMT-0300, IP: ::ffff:127.0.0.1, User Agent: -
Request Body:
{
	"senha": "[FILTERED]",
	"email": "[FILTERED]"
}
Response Body:
{
	"errors": {
		"body": {
			"senha": "[FILTERED]"
		}
	}
}
Response: 400 1.488 ms 

Request: POST /entrar at Sat Jul 08 2023 10:13:10 GMT-0300, IP: ::ffff:127.0.0.1, User Agent: -
Request Body:
{
	"email": "[FILTERED]"
}
Response Body:
{
	"errors": {
		"body": {
			"senha": "[FILTERED]"
		}
	}
}
Response: 400 1.272 ms 

Request: POST /entrar at Sat Jul 08 2023 10:13:10 GMT-0300, IP: ::ffff:127.0.0.1, User Agent: -
Request Body:
{
	"senha": "[FILTERED]"
}
Response Body:
{
	"errors": {
		"body": {
			"email": "[FILTERED]"
		}
	}
}
Response: 400 1.093 ms 

Request: POST /cidades at Sat Jul 08 2023 10:13:10 GMT-0300, IP: ::ffff:127.0.0.1, User Agent: -
Request Body:
{
	"nome": "Caxias do sul"
}
Response Body:
{
	"errors": {
		"default": "Não autenticado"
	}
}
Response: 401 24.739 ms 

Request: PUT /cidades/99999 at Sat Jul 08 2023 10:13:10 GMT-0300, IP: ::ffff:127.0.0.1, User Agent: -
Request Body:
{
	"nome": "Caxias"
}
Response Body:
{
	"errors": {
		"default": "Não autenticado"
	}
}
Response: 401 1.364 ms 

Request: POST /cidades at Sat Jul 08 2023 10:13:10 GMT-0300, IP: ::ffff:127.0.0.1, User Agent: -

Request: POST /cidades at Sat Jul 08 2023 10:13:10 GMT-0300, IP: ::ffff:127.0.0.1, User Agent: -

Request: POST /cidades at Sat Jul 08 2023 10:13:10 GMT-0300, IP: ::ffff:127.0.0.1, User Agent: -
Request Body:
{
	"nome": "Teste"
}
Response Body:
{
	"errors": {
		"default": "Não autenticado"
	}
}
Response: 401 18.107 ms 

Request: POST /pessoas at Sat Jul 08 2023 10:13:10 GMT-0300, IP: ::ffff:127.0.0.1, User Agent: -
Request Body:
{
	"nome": "Teste"
}
Response Body:
{
	"errors": {
		"default": "Não autenticado"
	}
}
Response: 401 18.375 ms 

Request: POST /pessoas at Sat Jul 08 2023 10:13:10 GMT-0300, IP: ::ffff:127.0.0.1, User Agent: -
Request Body:
{
	"cidadeId": {
		"errors": {
			"default": "Não autenticado"
		}
	},
	"email": "[FILTERED]",
	"nomeCompleto": "Juca silva"
}
Response Body:
{
	"errors": {
		"default": "Não autenticado"
	}
}
Response: 401 1.334 ms 
Request Body:
{
	"nome": "Teste"
}
Response Body:
{
	"errors": {
		"default": "Não autenticado"
	}
}
Response: 401 19.037 ms 
Request Body:
{
	"cidadeId": {
		"errors": {
			"default": "Não autenticado"
		}
	},
	"email": "[FILTERED]",
	"nomeCompleto": "Juca silva"
}
Response Body:
{
	"errors": {
		"default": "Não autenticado"
	}
}
Response: 401 1.255 ms 

Request: POST /pessoas at Sat Jul 08 2023 10:13:10 GMT-0300, IP: ::ffff:127.0.0.1, User Agent: -
Request Body:
{
	"cidadeId": {
		"errors": {
			"default": "Não autenticado"
		}
	},
	"nomeCompleto": "Juca silva",
	"email": "[FILTERED]"
}
Response Body:
{
	"errors": {
		"default": "Não autenticado"
	}
}
Response: 401 2.417 ms 

Request: DELETE /pessoas/99999 at Sat Jul 08 2023 10:13:10 GMT-0300, IP: ::ffff:127.0.0.1, User Agent: -
Response Body:
{
	"errors": {
		"default": "Não autenticado"
	}
}
Response: 401 0.842 ms 

Request: POST /cidades at Sat Jul 08 2023 10:13:10 GMT-0300, IP: ::ffff:127.0.0.1, User Agent: -

Request: PUT /pessoas/99999 at Sat Jul 08 2023 10:13:10 GMT-0300, IP: ::ffff:127.0.0.1, User Agent: -
Request Body:
{
	"cidadeId": {
		"errors": {
			"default": "Não autenticado"
		}
	},
	"email": "[FILTERED]",
	"nomeCompleto": "Juca silva"
}
Response Body:
{
	"errors": {
		"default": "Não autenticado"
	}
}
Response: 401 1.602 ms 
Request Body:
{
	"nome": "Caxias do sul"
}
Response Body:
{
	"errors": {
		"default": "Não autenticado"
	}
}
Response: 401 17.742 ms 

Request: GET /cidades/99999 at Sat Jul 08 2023 10:13:10 GMT-0300, IP: ::ffff:127.0.0.1, User Agent: -
Response Body:
{
	"errors": {
		"default": "Não autenticado"
	}
}
Response: 401 0.627 ms 

Request: POST /cidades at Sat Jul 08 2023 10:13:10 GMT-0300, IP: ::ffff:127.0.0.1, User Agent: -
Request Body:
{
	"nome": "Teste"
}
Response Body:
{
	"errors": {
		"default": "Não autenticado"
	}
}
Response: 401 18.077 ms 

Request: POST /pessoas at Sat Jul 08 2023 10:13:10 GMT-0300, IP: ::ffff:127.0.0.1, User Agent: -
Request Body:
{
	"cidadeId": {
		"errors": {
			"default": "Não autenticado"
		}
	},
	"email": "[FILTERED]",
	"nomeCompleto": "Juca silva"
}
Response Body:
{
	"errors": {
		"default": "Não autenticado"
	}
}
Response: 401 1.124 ms 

Request: POST /pessoas at Sat Jul 08 2023 10:13:10 GMT-0300, IP: ::ffff:127.0.0.1, User Agent: -
Request Body:
{
	"cidadeId": {
		"errors": {
			"default": "Não autenticado"
		}
	},
	"nomeCompleto": "Juca silva",
	"email": "[FILTERED]"
}
Response Body:
{
	"errors": {
		"default": "Não autenticado"
	}
}
Response: 401 0.717 ms 

Request: POST /pessoas at Sat Jul 08 2023 10:13:10 GMT-0300, IP: ::ffff:127.0.0.1, User Agent: -
Request Body:
{
	"cidadeId": {
		"errors": {
			"default": "Não autenticado"
		}
	},
	"nomeCompleto": "Juca silva",
	"email": "[FILTERED]"
}
Response Body:
{
	"errors": {
		"default": "Não autenticado"
	}
}
Response: 401 0.669 ms 

Request: POST /pessoas at Sat Jul 08 2023 10:13:10 GMT-0300, IP: ::ffff:127.0.0.1, User Agent: -
Request Body:
{
	"cidadeId": {
		"errors": {
			"default": "Não autenticado"
		}
	},
	"email": "[FILTERED]",
	"nomeCompleto": "Ju"
}
Response Body:
{
	"errors": {
		"default": "Não autenticado"
	}
}
Response: 401 0.698 ms 

Request: POST /pessoas at Sat Jul 08 2023 10:13:10 GMT-0300, IP: ::ffff:127.0.0.1, User Agent: -
Request Body:
{
	"cidadeId": {
		"errors": {
			"default": "Não autenticado"
		}
	},
	"email": "[FILTERED]"
}
Response Body:
{
	"errors": {
		"default": "Não autenticado"
	}
}
Response: 401 0.436 ms 

Request: POST /pessoas at Sat Jul 08 2023 10:13:10 GMT-0300, IP: ::ffff:127.0.0.1, User Agent: -

Request: POST /cadastrar at Sat Jul 08 2023 10:13:10 GMT-0300, IP: ::ffff:127.0.0.1, User Agent: -
Request Body:
{
	"cidadeId": {
		"errors": {
			"default": "Não autenticado"
		}
	},
	"nomeCompleto": "Juca da Silva"
}
Response Body:
{
	"errors": {
		"default": "Não autenticado"
	}
}
Response: 401 0.482 ms 

Request: POST /pessoas at Sat Jul 08 2023 10:13:10 GMT-0300, IP: ::ffff:127.0.0.1, User Agent: -
Request Body:
{
	"cidadeId": {
		"errors": {
			"default": "Não autenticado"
		}
	},
	"email": "[FILTERED]",
	"nomeCompleto": "Juca da Silva"
}
Response Body:
{
	"errors": {
		"default": "Não autenticado"
	}
}
Response: 401 0.432 ms 

Request: POST /pessoas at Sat Jul 08 2023 10:13:10 GMT-0300, IP: ::ffff:127.0.0.1, User Agent: -
Request Body:
{
	"senha": "[FILTERED]",
	"nome": "Juca da Silva",
	"email": "[FILTERED]"
}
Response Body:
1
Response: 201 38.634 ms 
Request Body:
{
	"email": "[FILTERED]",
	"nomeCompleto": "Juca da Silva"
}
Response Body:
{
	"errors": {
		"default": "Não autenticado"
	}
}
Response: 401 0.524 ms 

Request: POST /pessoas at Sat Jul 08 2023 10:13:10 GMT-0300, IP: ::ffff:127.0.0.1, User Agent: -
Request Body:
{
	"cidadeId": "teste",
	"email": "[FILTERED]",
	"nomeCompleto": "Juca da Silva"
}
Response Body:
{
	"errors": {
		"default": "Não autenticado"
	}
}
Response: 401 0.680 ms 

Request: POST /pessoas at Sat Jul 08 2023 10:13:10 GMT-0300, IP: ::ffff:127.0.0.1, User Agent: -

Request: POST /cadastrar at Sat Jul 08 2023 10:13:10 GMT-0300, IP: ::ffff:127.0.0.1, User Agent: -
Response Body:
{
	"errors": {
		"default": "Não autenticado"
	}
}
Response: 401 0.363 ms 
Request Body:
{
	"senha": "[FILTERED]",
	"nome": "Pedro da Rosa",
	"email": "[FILTERED]"
}
Response Body:
2
Response: 201 7.337 ms 

Request: POST /cadastrar at Sat Jul 08 2023 10:13:10 GMT-0300, IP: ::ffff:127.0.0.1, User Agent: -
Request Body:
{
	"senha": "[FILTERED]",
	"nome": "Pedro da Rosa",
	"email": "[FILTERED]"
}
Response Body:
3
Response: 201 6.889 ms 

Request: POST /cadastrar at Sat Jul 08 2023 10:13:10 GMT-0300, IP: ::ffff:127.0.0.1, User Agent: -
Request Body:
{
	"senha": "[FILTERED]",
	"nome": "Juca da Silva",
	"email": "[FILTERED]"
}
Response Body:
{
	"errors": {
		"default": "Erro ao cadastrar o registro"
	}
}
Response: 500 8.228 ms 

Request: POST /cadastrar at Sat Jul 08 2023 10:13:10 GMT-0300, IP: ::ffff:127.0.0.1, User Agent: -
Request Body:
{
	"senha": "[FILTERED]",
	"nome": "Juca da Silva"
}
Response Body:
{
	"errors": {
		"body": {
			"email": "[FILTERED]"
		}
	}
}
Response: 400 2.107 ms 

Request: POST /cadastrar at Sat Jul 08 2023 10:13:10 GMT-0300, IP: ::ffff:127.0.0.1, User Agent: -
Request Body:
{
	"senha": "[FILTERED]",
	"email": "[FILTERED]"
}
Response Body:
{
	"errors": {
		"body": {
			"nome": "Este campo é obrigatório"
		}
	}
}
Response: 400 0.980 ms 

Request: POST /cadastrar at Sat Jul 08 2023 10:13:10 GMT-0300, IP: ::ffff:127.0.0.1, User Agent: -
Request Body:
{
	"nome": "Juca da Silva",
	"email": "[FILTERED]"
}
Response Body:
{
	"errors": {
		"body": {
			"senha": "[FILTERED]"
		}
	}
}
Response: 400 1.357 ms 

Request: POST /cadastrar at Sat Jul 08 2023 10:13:10 GMT-0300, IP: ::ffff:127.0.0.1, User Agent: -
Request Body:
{
	"senha": "[FILTERED]",
	"nome": "Juca da Silva",
	"email": "[FILTERED]"
}
Response Body:
{
	"errors": {
		"body": {
			"email": "[FILTERED]"
		}
	}
}
Response: 400 1.377 ms 

Request: POST /cadastrar at Sat Jul 08 2023 10:13:10 GMT-0300, IP: ::ffff:127.0.0.1, User Agent: -
Request Body:
{
	"senha": "[FILTERED]",
	"nome": "Juca da Silva",
	"email": "[FILTERED]"
}
Response Body:
{
	"errors": {
		"body": {
			"senha": "[FILTERED]"
		}
	}
}
Response: 400 1.610 ms 

Request: POST /cadastrar at Sat Jul 08 2023 10:13:10 GMT-0300, IP: ::ffff:127.0.0.1, User Agent: -
Request Body:
{
	"senha": "[FILTERED]",
	"nome": "Ju",
	"email": "[FILTERED]"
}
Response Body:
{
	"errors": {
		"body": {
			"nome": "Deve ter pelo menos 3 caracteres"
		}
	}
}
Response: 400 0.979 ms 

Request: POST /cidades at Sat Jul 08 2023 10:13:11 GMT-0300, IP: ::ffff:127.0.0.1, User Agent: -
Request Body:
{
	"nome": "Caxias do Sul"
}
Response Body:
{
	"errors": {
		"default": "Não autenticado"
	}
}
Response: 401 10.009 ms 

Request: POST /cidades at Sat Jul 08 2023 10:13:11 GMT-0300, IP: ::ffff:127.0.0.1, User Agent: -
Request Body:
{
	"nome": "Ca"
}
Response Body:
{
	"errors": {
		"default": "Não autenticado"
	}
}
Response: 401 0.389 ms 

Request: POST /cidades at Sat Jul 08 2023 10:19:17 GMT-0300, IP: ::ffff:127.0.0.1, User Agent: -
Request Body:
{
	"nome": "Teste"
}
Response Body:
{
	"errors": {
		"default": "Não autenticado"
	}
}
Response: 401 20.322 ms 

Request: POST /pessoas at Sat Jul 08 2023 10:19:17 GMT-0300, IP: ::ffff:127.0.0.1, User Agent: -
Request Body:
{
	"cidadeId": {
		"errors": {
			"default": "Não autenticado"
		}
	},
	"nomeCompleto": "Juca silva",
	"email": "[FILTERED]"
}
Response Body:
{
	"errors": {
		"default": "Não autenticado"
	}
}
Response: 401 1.434 ms 

Request: GET /pessoas/99999 at Sat Jul 08 2023 10:19:17 GMT-0300, IP: ::ffff:127.0.0.1, User Agent: -
Response Body:
{
	"errors": {
		"default": "Não autenticado"
	}
}
Response: 401 0.564 ms 

Request: POST /cidades at Sat Jul 08 2023 10:19:17 GMT-0300, IP: ::ffff:127.0.0.1, User Agent: -
Request Body:
{
	"nome": "Caxias do sul"
}
Response Body:
{
	"errors": {
		"default": "Não autenticado"
	}
}
Response: 401 21.694 ms 

Request: GET /cidades/99999 at Sat Jul 08 2023 10:19:17 GMT-0300, IP: ::ffff:127.0.0.1, User Agent: -
Response Body:
{
	"errors": {
		"default": "Não autenticado"
	}
}
Response: 401 1.993 ms 

Request: POST /cidades at Sat Jul 08 2023 10:19:18 GMT-0300, IP: ::ffff:127.0.0.1, User Agent: -

Request: POST /cidades at Sat Jul 08 2023 10:19:18 GMT-0300, IP: ::ffff:127.0.0.1, User Agent: -
Request Body:
{
	"nome": "Caxias do sul"
}
Response Body:
{
	"errors": {
		"default": "Não autenticado"
	}
}
Response: 401 18.751 ms 

Request: PUT /cidades/99999 at Sat Jul 08 2023 10:19:18 GMT-0300, IP: ::ffff:127.0.0.1, User Agent: -
Request Body:
{
	"nome": "Caxias"
}
Response Body:
{
	"errors": {
		"default": "Não autenticado"
	}
}
Response: 401 1.326 ms 
Request Body:
{
	"nome": "Teste"
}
Response Body:
{
	"errors": {
		"default": "Não autenticado"
	}
}
Response: 401 27.626 ms 

Request: POST /pessoas at Sat Jul 08 2023 10:19:18 GMT-0300, IP: ::ffff:127.0.0.1, User Agent: -
Request Body:
{
	"cidadeId": {
		"errors": {
			"default": "Não autenticado"
		}
	},
	"nomeCompleto": "Juca silva",
	"email": "[FILTERED]"
}
Response Body:
{
	"errors": {
		"default": "Não autenticado"
	}
}
Response: 401 1.567 ms 

Request: PUT /pessoas/99999 at Sat Jul 08 2023 10:19:18 GMT-0300, IP: ::ffff:127.0.0.1, User Agent: -
Request Body:
{
	"cidadeId": {
		"errors": {
			"default": "Não autenticado"
		}
	},
	"email": "[FILTERED]",
	"nomeCompleto": "Juca silva"
}
Response Body:
{
	"errors": {
		"default": "Não autenticado"
	}
}
Response: 401 0.890 ms 

Request: POST /cidades at Sat Jul 08 2023 10:19:18 GMT-0300, IP: ::ffff:127.0.0.1, User Agent: -
Request Body:
{
	"nome": "Caxias do Sul"
}
Response Body:
497
Response: 201 26.616 ms 

Request: POST /cidades at Sat Jul 08 2023 10:19:18 GMT-0300, IP: ::ffff:127.0.0.1, User Agent: -
Request Body:
{
	"nome": "Ca"
}
Response Body:
{
	"errors": {
		"default": "Não autenticado"
	}
}
Response: 401 0.946 ms 

Request: POST /cidades at Sat Jul 08 2023 10:19:18 GMT-0300, IP: ::ffff:127.0.0.1, User Agent: -
Request Body:
{
	"nome": "Teste"
}
Response Body:
{
	"errors": {
		"default": "Não autenticado"
	}
}
Response: 401 19.205 ms 

Request: POST /pessoas at Sat Jul 08 2023 10:19:18 GMT-0300, IP: ::ffff:127.0.0.1, User Agent: -
Request Body:
{
	"cidadeId": {
		"errors": {
			"default": "Não autenticado"
		}
	},
	"email": "[FILTERED]",
	"nomeCompleto": "Juca silva"
}
Response Body:
{
	"errors": {
		"default": "Não autenticado"
	}
}
Response: 401 0.927 ms 

Request: POST /pessoas at Sat Jul 08 2023 10:19:18 GMT-0300, IP: ::ffff:127.0.0.1, User Agent: -
Request Body:
{
	"cidadeId": {
		"errors": {
			"default": "Não autenticado"
		}
	},
	"nomeCompleto": "Juca silva",
	"email": "[FILTERED]"
}
Response Body:
{
	"errors": {
		"default": "Não autenticado"
	}
}
Response: 401 0.512 ms 

Request: POST /pessoas at Sat Jul 08 2023 10:19:18 GMT-0300, IP: ::ffff:127.0.0.1, User Agent: -
Request Body:
{
	"cidadeId": {
		"errors": {
			"default": "Não autenticado"
		}
	},
	"nomeCompleto": "Juca silva",
	"email": "[FILTERED]"
}
Response Body:
{
	"errors": {
		"default": "Não autenticado"
	}
}
Response: 401 0.500 ms 

Request: POST /pessoas at Sat Jul 08 2023 10:19:18 GMT-0300, IP: ::ffff:127.0.0.1, User Agent: -
Request Body:
{
	"cidadeId": {
		"errors": {
			"default": "Não autenticado"
		}
	},
	"email": "[FILTERED]",
	"nomeCompleto": "Ju"
}
Response Body:
{
	"errors": {
		"default": "Não autenticado"
	}
}
Response: 401 0.561 ms 

Request: POST /pessoas at Sat Jul 08 2023 10:19:18 GMT-0300, IP: ::ffff:127.0.0.1, User Agent: -
Request Body:
{
	"cidadeId": {
		"errors": {
			"default": "Não autenticado"
		}
	},
	"email": "[FILTERED]"
}
Response Body:
{
	"errors": {
		"default": "Não autenticado"
	}
}
Response: 401 0.451 ms 

Request: POST /pessoas at Sat Jul 08 2023 10:19:18 GMT-0300, IP: ::ffff:127.0.0.1, User Agent: -
Request Body:
{
	"cidadeId": {
		"errors": {
			"default": "Não autenticado"
		}
	},
	"nomeCompleto": "Juca da Silva"
}
Response Body:
{
	"errors": {
		"default": "Não autenticado"
	}
}
Response: 401 0.462 ms 

Request: POST /pessoas at Sat Jul 08 2023 10:19:18 GMT-0300, IP: ::ffff:127.0.0.1, User Agent: -
Request Body:
{
	"cidadeId": {
		"errors": {
			"default": "Não autenticado"
		}
	},
	"email": "[FILTERED]",
	"nomeCompleto": "Juca da Silva"
}
Response Body:
{
	"errors": {
		"default": "Não autenticado"
	}
}
Response: 401 0.532 ms 

Request: POST /pessoas at Sat Jul 08 2023 10:19:18 GMT-0300, IP: ::ffff:127.0.0.1, User Agent: -
Request Body:
{
	"email": "[FILTERED]",
	"nomeCompleto": "Juca da Silva"
}
Response Body:
{
	"errors": {
		"default": "Não autenticado"
	}
}
Response: 401 0.325 ms 

Request: POST /pessoas at Sat Jul 08 2023 10:19:18 GMT-0300, IP: ::ffff:127.0.0.1, User Agent: -
Request Body:
{
	"cidadeId": "teste",
	"email": "[FILTERED]",
	"nomeCompleto": "Juca da Silva"
}
Response Body:
{
	"errors": {
		"default": "Não autenticado"
	}
}
Response: 401 0.394 ms 

Request: POST /pessoas at Sat Jul 08 2023 10:19:18 GMT-0300, IP: ::ffff:127.0.0.1, User Agent: -

Request: POST /cidades at Sat Jul 08 2023 10:19:18 GMT-0300, IP: ::ffff:127.0.0.1, User Agent: -
Response Body:
{
	"errors": {
		"default": "Não autenticado"
	}
}
Response: 401 0.438 ms 
Request Body:
{
	"nome": "Teste"
}
Response Body:
{
	"errors": {
		"default": "Não autenticado"
	}
}
Response: 401 18.177 ms 

Request: POST /pessoas at Sat Jul 08 2023 10:19:18 GMT-0300, IP: ::ffff:127.0.0.1, User Agent: -

Request: POST /cidades at Sat Jul 08 2023 10:19:18 GMT-0300, IP: ::ffff:127.0.0.1, User Agent: -
Request Body:
{
	"cidadeId": {
		"errors": {
			"default": "Não autenticado"
		}
	},
	"email": "[FILTERED]",
	"nomeCompleto": "Juca silva"
}
Response Body:
{
	"errors": {
		"default": "Não autenticado"
	}
}
Response: 401 1.206 ms 
Request Body:
{
	"nome": "Teste"
}
Response Body:
{
	"errors": {
		"default": "Não autenticado"
	}
}
Response: 401 16.657 ms 

Request: DELETE /pessoas/99999 at Sat Jul 08 2023 10:19:18 GMT-0300, IP: ::ffff:127.0.0.1, User Agent: -
Response Body:
{
	"errors": {
		"default": "Não autenticado"
	}
}
Response: 401 0.733 ms 

Request: POST /pessoas at Sat Jul 08 2023 10:19:18 GMT-0300, IP: ::ffff:127.0.0.1, User Agent: -
Request Body:
{
	"cidadeId": {
		"errors": {
			"default": "Não autenticado"
		}
	},
	"email": "[FILTERED]",
	"nomeCompleto": "Juca silva"
}
Response Body:
{
	"errors": {
		"default": "Não autenticado"
	}
}
Response: 401 1.297 ms 

Request: POST /cidades at Sat Jul 08 2023 10:19:18 GMT-0300, IP: ::ffff:127.0.0.1, User Agent: -
Request Body:
{
	"nome": "Caxias do sul"
}
Response Body:
{
	"errors": {
		"default": "Não autenticado"
	}
}
Response: 401 16.901 ms 

Request: POST /cidades at Sat Jul 08 2023 10:19:18 GMT-0300, IP: ::ffff:127.0.0.1, User Agent: -
Request Body:
{
	"nome": "Caxias do sul"
}
Response Body:
{
	"errors": {
		"default": "Não autenticado"
	}
}
Response: 401 21.510 ms 

Request: DELETE /cidades/99999 at Sat Jul 08 2023 10:19:18 GMT-0300, IP: ::ffff:127.0.0.1, User Agent: -
Response Body:
{
	"errors": {
		"default": "Não autenticado"
	}
}
Response: 401 0.830 ms 

Request: POST /cadastrar at Sat Jul 08 2023 10:19:18 GMT-0300, IP: ::ffff:127.0.0.1, User Agent: -
Request Body:
{
	"senha": "[FILTERED]",
	"nome": "Juca da Silva",
	"email": "[FILTERED]"
}
Response Body:
1
Response: 201 32.693 ms 

Request: POST /cadastrar at Sat Jul 08 2023 10:19:18 GMT-0300, IP: ::ffff:127.0.0.1, User Agent: -
Request Body:
{
	"senha": "[FILTERED]",
	"nome": "Pedro da Rosa",
	"email": "[FILTERED]"
}
Response Body:
2
Response: 201 7.061 ms 

Request: POST /cadastrar at Sat Jul 08 2023 10:19:18 GMT-0300, IP: ::ffff:127.0.0.1, User Agent: -

Request: POST /cadastrar at Sat Jul 08 2023 10:19:18 GMT-0300, IP: ::ffff:127.0.0.1, User Agent: -
Request Body:
{
	"senha": "[FILTERED]",
	"nome": "Pedro da Rosa",
	"email": "[FILTERED]"
}
Response Body:
3
Response: 201 1.547 ms 
Request Body:
{
	"nome": "Jorge",
	"senha": "[FILTERED]",
	"email": "[FILTERED]"
}
Response Body:
1
Response: 201 21.653 ms 

Request: POST /cadastrar at Sat Jul 08 2023 10:19:18 GMT-0300, IP: ::ffff:127.0.0.1, User Agent: -
Request Body:
{
	"senha": "[FILTERED]",
	"nome": "Juca da Silva",
	"email": "[FILTERED]"
}
Response Body:
{
	"errors": {
		"default": "Erro ao cadastrar o registro"
	}
}
Response: 500 6.953 ms 

Request: POST /entrar at Sat Jul 08 2023 10:19:18 GMT-0300, IP: ::ffff:127.0.0.1, User Agent: -

Request: POST /cadastrar at Sat Jul 08 2023 10:19:18 GMT-0300, IP: ::ffff:127.0.0.1, User Agent: -
Request Body:
{
	"senha": "[FILTERED]",
	"nome": "Juca da Silva"
}
Response Body:
{
	"errors": {
		"body": {
			"email": "[FILTERED]"
		}
	}
}
Response: 400 2.256 ms 
Request Body:
{
	"senha": "[FILTERED]",
	"email": "[FILTERED]"
}
Response Body:
{
	"accessToken": "[FILTERED]"
}
Response: 200 7.143 ms 

Request: POST /cadastrar at Sat Jul 08 2023 10:19:18 GMT-0300, IP: ::ffff:127.0.0.1, User Agent: -
Request Body:
{
	"senha": "[FILTERED]",
	"email": "[FILTERED]"
}
Response Body:
{
	"errors": {
		"body": {
			"nome": "Este campo é obrigatório"
		}
	}
}
Response: 400 1.332 ms 

Request: POST /entrar at Sat Jul 08 2023 10:19:18 GMT-0300, IP: ::ffff:127.0.0.1, User Agent: -
Request Body:
{
	"senha": "[FILTERED]",
	"email": "[FILTERED]"
}
Response Body:
{
	"errors": {
		"default": "Email ou senha são inválidos"
	}
}
Response: 401 1.433 ms 

Request: POST /cadastrar at Sat Jul 08 2023 10:19:18 GMT-0300, IP: ::ffff:127.0.0.1, User Agent: -

Request: POST /entrar at Sat Jul 08 2023 10:19:18 GMT-0300, IP: ::ffff:127.0.0.1, User Agent: -
Request Body:
{
	"senha": "[FILTERED]",
	"email": "[FILTERED]"
}
Response Body:
{
	"errors": {
		"default": "Email ou senha são inválidos"
	}
}
Response: 401 1.283 ms 
Request Body:
{
	"nome": "Juca da Silva",
	"email": "[FILTERED]"
}
Response Body:
{
	"errors": {
		"body": {
			"senha": "[FILTERED]"
		}
	}
}
Response: 400 1.206 ms 

Request: POST /cadastrar at Sat Jul 08 2023 10:19:18 GMT-0300, IP: ::ffff:127.0.0.1, User Agent: -

Request: POST /entrar at Sat Jul 08 2023 10:19:18 GMT-0300, IP: ::ffff:127.0.0.1, User Agent: -
Request Body:
{
	"senha": "[FILTERED]",
	"email": "[FILTERED]"
}
Response Body:
{
	"errors": {
		"body": {
			"email": "[FILTERED]"
		}
	}
}
Response: 400 1.851 ms 
Request Body:
{
	"senha": "[FILTERED]",
	"nome": "Juca da Silva",
	"email": "[FILTERED]"
}
Response Body:
{
	"errors": {
		"body": {
			"email": "[FILTERED]"
		}
	}
}
Response: 400 1.164 ms 

Request: POST /cadastrar at Sat Jul 08 2023 10:19:18 GMT-0300, IP: ::ffff:127.0.0.1, User Agent: -

Request: POST /entrar at Sat Jul 08 2023 10:19:18 GMT-0300, IP: ::ffff:127.0.0.1, User Agent: -
Request Body:
{
	"senha": "[FILTERED]",
	"nome": "Juca da Silva",
	"email": "[FILTERED]"
}
Response Body:
{
	"errors": {
		"body": {
			"senha": "[FILTERED]"
		}
	}
}
Response: 400 1.053 ms 
Request Body:
{
	"senha": "[FILTERED]",
	"email": "[FILTERED]"
}
Response Body:
{
	"errors": {
		"body": {
			"senha": "[FILTERED]"
		}
	}
}
Response: 400 0.942 ms 

Request: POST /cadastrar at Sat Jul 08 2023 10:19:18 GMT-0300, IP: ::ffff:127.0.0.1, User Agent: -
Request Body:
{
	"senha": "[FILTERED]",
	"nome": "Ju",
	"email": "[FILTERED]"
}
Response Body:
{
	"errors": {
		"body": {
			"nome": "Deve ter pelo menos 3 caracteres"
		}
	}
}
Response: 400 1.615 ms 

Request: POST /entrar at Sat Jul 08 2023 10:19:18 GMT-0300, IP: ::ffff:127.0.0.1, User Agent: -
Request Body:
{
	"email": "[FILTERED]"
}
Response Body:
{
	"errors": {
		"body": {
			"senha": "[FILTERED]"
		}
	}
}
Response: 400 1.438 ms 

Request: POST /entrar at Sat Jul 08 2023 10:19:18 GMT-0300, IP: ::ffff:127.0.0.1, User Agent: -
Request Body:
{
	"senha": "[FILTERED]"
}
Response Body:
{
	"errors": {
		"body": {
			"email": "[FILTERED]"
		}
	}
}
Response: 400 0.919 ms 

Request: POST /cidades at Sat Jul 08 2023 10:21:33 GMT-0300, IP: ::ffff:127.0.0.1, User Agent: -
Request Body:
{
	"nome": "Caxias do sul"
}
Response Body:
{
	"errors": {
		"default": "Não autenticado"
	}
}
Response: 401 18.719 ms 

Request: PUT /cidades/99999 at Sat Jul 08 2023 10:21:33 GMT-0300, IP: ::ffff:127.0.0.1, User Agent: -
Request Body:
{
	"nome": "Caxias"
}
Response Body:
{
	"errors": {
		"default": "Não autenticado"
	}
}
Response: 401 1.307 ms 

Request: POST /cidades at Sat Jul 08 2023 10:21:33 GMT-0300, IP: ::ffff:127.0.0.1, User Agent: -

Request: POST /cidades at Sat Jul 08 2023 10:21:33 GMT-0300, IP: ::ffff:127.0.0.1, User Agent: -
Request Body:
{
	"nome": "Teste"
}
Response Body:
{
	"errors": {
		"default": "Não autenticado"
	}
}
Response: 401 23.455 ms 
Request Body:
{
	"nome": "Caxias do sul"
}
Response Body:
{
	"errors": {
		"default": "Não autenticado"
	}
}
Response: 401 22.081 ms 

Request: POST /pessoas at Sat Jul 08 2023 10:21:33 GMT-0300, IP: ::ffff:127.0.0.1, User Agent: -
Request Body:
{
	"cidadeId": {
		"errors": {
			"default": "Não autenticado"
		}
	},
	"nomeCompleto": "Juca silva",
	"email": "[FILTERED]"
}
Response Body:
{
	"errors": {
		"default": "Não autenticado"
	}
}
Response: 401 1.303 ms 

Request: GET /pessoas/99999 at Sat Jul 08 2023 10:21:33 GMT-0300, IP: ::ffff:127.0.0.1, User Agent: -
Response Body:
{
	"errors": {
		"default": "Não autenticado"
	}
}
Response: 401 0.513 ms 

Request: POST /cidades at Sat Jul 08 2023 10:21:33 GMT-0300, IP: ::ffff:127.0.0.1, User Agent: -
Request Body:
{
	"nome": "Teste"
}
Response Body:
{
	"errors": {
		"default": "Não autenticado"
	}
}
Response: 401 19.570 ms 

Request: POST /pessoas at Sat Jul 08 2023 10:21:33 GMT-0300, IP: ::ffff:127.0.0.1, User Agent: -
Request Body:
{
	"cidadeId": {
		"errors": {
			"default": "Não autenticado"
		}
	},
	"email": "[FILTERED]",
	"nomeCompleto": "Juca silva"
}
Response Body:
{
	"errors": {
		"default": "Não autenticado"
	}
}
Response: 401 1.187 ms 

Request: POST /cidades at Sat Jul 08 2023 10:21:33 GMT-0300, IP: ::ffff:127.0.0.1, User Agent: -
Request Body:
{
	"nome": "Caxias do Sul"
}
Response Body:
497
Response: 201 24.888 ms 

Request: POST /cidades at Sat Jul 08 2023 10:21:33 GMT-0300, IP: ::ffff:127.0.0.1, User Agent: -
Request Body:
{
	"nome": "Ca"
}
Response Body:
{
	"errors": {
		"body": {
			"nome": "Deve ter pelo menos 3 caracteres"
		}
	}
}
Response: 400 2.838 ms 

Request: POST /cidades at Sat Jul 08 2023 10:21:33 GMT-0300, IP: ::ffff:127.0.0.1, User Agent: -
Request Body:
{
	"nome": "Caxias do sul"
}
Response Body:
{
	"errors": {
		"default": "Não autenticado"
	}
}
Response: 401 19.400 ms 

Request: DELETE /cidades/99999 at Sat Jul 08 2023 10:21:33 GMT-0300, IP: ::ffff:127.0.0.1, User Agent: -
Response Body:
{
	"errors": {
		"default": "Não autenticado"
	}
}
Response: 401 0.817 ms 

Request: POST /cidades at Sat Jul 08 2023 10:21:33 GMT-0300, IP: ::ffff:127.0.0.1, User Agent: -

Request: POST /cadastrar at Sat Jul 08 2023 10:21:33 GMT-0300, IP: ::ffff:127.0.0.1, User Agent: -
Request Body:
{
	"nome": "Teste"
}
Response Body:
{
	"errors": {
		"default": "Não autenticado"
	}
}
Response: 401 16.650 ms 
Request Body:
{
	"senha": "[FILTERED]",
	"nome": "Juca da Silva",
	"email": "[FILTERED]"
}
Response Body:
1
Response: 201 32.484 ms 

Request: POST /pessoas at Sat Jul 08 2023 10:21:33 GMT-0300, IP: ::ffff:127.0.0.1, User Agent: -

Request: POST /cadastrar at Sat Jul 08 2023 10:21:33 GMT-0300, IP: ::ffff:127.0.0.1, User Agent: -
Request Body:
{
	"senha": "[FILTERED]",
	"nome": "Pedro da Rosa",
	"email": "[FILTERED]"
}
Response Body:
2
Response: 201 4.807 ms 

Request: POST /cadastrar at Sat Jul 08 2023 10:21:33 GMT-0300, IP: ::ffff:127.0.0.1, User Agent: -
Request Body:
{
	"senha": "[FILTERED]",
	"nome": "Pedro da Rosa",
	"email": "[FILTERED]"
}
Response Body:
3
Response: 201 1.084 ms 
Request Body:
{
	"cidadeId": {
		"errors": {
			"default": "Não autenticado"
		}
	},
	"email": "[FILTERED]",
	"nomeCompleto": "Juca silva"
}
Response Body:
{
	"errors": {
		"default": "Não autenticado"
	}
}
Response: 401 1.125 ms 

Request: POST /pessoas at Sat Jul 08 2023 10:21:33 GMT-0300, IP: ::ffff:127.0.0.1, User Agent: -
Request Body:
{
	"cidadeId": {
		"errors": {
			"default": "Não autenticado"
		}
	},
	"nomeCompleto": "Juca silva",
	"email": "[FILTERED]"
}
Response Body:
{
	"errors": {
		"default": "Não autenticado"
	}
}
Response: 401 0.557 ms 

Request: POST /cadastrar at Sat Jul 08 2023 10:21:33 GMT-0300, IP: ::ffff:127.0.0.1, User Agent: -
Request Body:
{
	"senha": "[FILTERED]",
	"nome": "Juca da Silva",
	"email": "[FILTERED]"
}
Response Body:
{
	"errors": {
		"default": "Erro ao cadastrar o registro"
	}
}
Response: 500 5.752 ms 

Request: POST /pessoas at Sat Jul 08 2023 10:21:33 GMT-0300, IP: ::ffff:127.0.0.1, User Agent: -
Request Body:
{
	"cidadeId": {
		"errors": {
			"default": "Não autenticado"
		}
	},
	"nomeCompleto": "Juca silva",
	"email": "[FILTERED]"
}
Response Body:
{
	"errors": {
		"default": "Não autenticado"
	}
}
Response: 401 0.623 ms 

Request: POST /cadastrar at Sat Jul 08 2023 10:21:33 GMT-0300, IP: ::ffff:127.0.0.1, User Agent: -

Request: POST /pessoas at Sat Jul 08 2023 10:21:33 GMT-0300, IP: ::ffff:127.0.0.1, User Agent: -
Request Body:
{
	"senha": "[FILTERED]",
	"nome": "Juca da Silva"
}
Response Body:
{
	"errors": {
		"body": {
			"email": "[FILTERED]"
		}
	}
}
Response: 400 1.989 ms 
Request Body:
{
	"cidadeId": {
		"errors": {
			"default": "Não autenticado"
		}
	},
	"email": "[FILTERED]",
	"nomeCompleto": "Ju"
}
Response Body:
{
	"errors": {
		"default": "Não autenticado"
	}
}
Response: 401 0.521 ms 

Request: POST /cadastrar at Sat Jul 08 2023 10:21:33 GMT-0300, IP: ::ffff:127.0.0.1, User Agent: -

Request: POST /cidades at Sat Jul 08 2023 10:21:33 GMT-0300, IP: ::ffff:127.0.0.1, User Agent: -

Request: POST /pessoas at Sat Jul 08 2023 10:21:33 GMT-0300, IP: ::ffff:127.0.0.1, User Agent: -
Request Body:
{
	"senha": "[FILTERED]",
	"email": "[FILTERED]"
}
Response Body:
{
	"errors": {
		"body": {
			"nome": "Este campo é obrigatório"
		}
	}
}
Response: 400 1.136 ms 
Request Body:
{
	"cidadeId": {
		"errors": {
			"default": "Não autenticado"
		}
	},
	"email": "[FILTERED]"
}
Response Body:
{
	"errors": {
		"default": "Não autenticado"
	}
}
Response: 401 0.364 ms 

Request: POST /pessoas at Sat Jul 08 2023 10:21:33 GMT-0300, IP: ::ffff:127.0.0.1, User Agent: -

Request: POST /cadastrar at Sat Jul 08 2023 10:21:33 GMT-0300, IP: ::ffff:127.0.0.1, User Agent: -
Request Body:
{
	"cidadeId": {
		"errors": {
			"default": "Não autenticado"
		}
	},
	"nomeCompleto": "Juca da Silva"
}
Response Body:
{
	"errors": {
		"default": "Não autenticado"
	}
}
Response: 401 0.328 ms 
Request Body:
{
	"nome": "Juca da Silva",
	"email": "[FILTERED]"
}
Response Body:
{
	"errors": {
		"body": {
			"senha": "[FILTERED]"
		}
	}
}
Response: 400 1.169 ms 

Request: POST /pessoas at Sat Jul 08 2023 10:21:33 GMT-0300, IP: ::ffff:127.0.0.1, User Agent: -

Request: POST /cadastrar at Sat Jul 08 2023 10:21:33 GMT-0300, IP: ::ffff:127.0.0.1, User Agent: -
Request Body:
{
	"cidadeId": {
		"errors": {
			"default": "Não autenticado"
		}
	},
	"email": "[FILTERED]",
	"nomeCompleto": "Juca da Silva"
}
Response Body:
{
	"errors": {
		"default": "Não autenticado"
	}
}
Response: 401 0.318 ms 
Request Body:
{
	"senha": "[FILTERED]",
	"nome": "Juca da Silva",
	"email": "[FILTERED]"
}
Response Body:
{
	"errors": {
		"body": {
			"email": "[FILTERED]"
		}
	}
}
Response: 400 0.890 ms 

Request: POST /pessoas at Sat Jul 08 2023 10:21:34 GMT-0300, IP: ::ffff:127.0.0.1, User Agent: -

Request: POST /cadastrar at Sat Jul 08 2023 10:21:33 GMT-0300, IP: ::ffff:127.0.0.1, User Agent: -
Request Body:
{
	"nome": "Teste"
}
Response Body:
{
	"errors": {
		"default": "Não autenticado"
	}
}
Response: 401 16.511 ms 
Request Body:
{
	"email": "[FILTERED]",
	"nomeCompleto": "Juca da Silva"
}
Response Body:
{
	"errors": {
		"default": "Não autenticado"
	}
}
Response: 401 0.406 ms 
Request Body:
{
	"senha": "[FILTERED]",
	"nome": "Juca da Silva",
	"email": "[FILTERED]"
}
Response Body:
{
	"errors": {
		"body": {
			"senha": "[FILTERED]"
		}
	}
}
Response: 400 0.967 ms 

Request: POST /pessoas at Sat Jul 08 2023 10:21:33 GMT-0300, IP: ::ffff:127.0.0.1, User Agent: -

Request: POST /pessoas at Sat Jul 08 2023 10:21:34 GMT-0300, IP: ::ffff:127.0.0.1, User Agent: -
Request Body:
{
	"cidadeId": "teste",
	"email": "[FILTERED]",
	"nomeCompleto": "Juca da Silva"
}
Response Body:
{
	"errors": {
		"default": "Não autenticado"
	}
}
Response: 401 0.408 ms 

Request: POST /cadastrar at Sat Jul 08 2023 10:21:33 GMT-0300, IP: ::ffff:127.0.0.1, User Agent: -
Request Body:
{
	"senha": "[FILTERED]",
	"nome": "Ju",
	"email": "[FILTERED]"
}
Response Body:
{
	"errors": {
		"body": {
			"nome": "Deve ter pelo menos 3 caracteres"
		}
	}
}
Response: 400 1.195 ms 

Request: POST /pessoas at Sat Jul 08 2023 10:21:34 GMT-0300, IP: ::ffff:127.0.0.1, User Agent: -
Response Body:
{
	"errors": {
		"default": "Não autenticado"
	}
}
Response: 401 0.402 ms 
Request Body:
{
	"cidadeId": {
		"errors": {
			"default": "Não autenticado"
		}
	},
	"email": "[FILTERED]",
	"nomeCompleto": "Juca silva"
}
Response Body:
{
	"errors": {
		"default": "Não autenticado"
	}
}
Response: 401 0.884 ms 

Request: DELETE /pessoas/99999 at Sat Jul 08 2023 10:21:34 GMT-0300, IP: ::ffff:127.0.0.1, User Agent: -
Response Body:
{
	"errors": {
		"default": "Não autenticado"
	}
}
Response: 401 0.460 ms 

Request: POST /cidades at Sat Jul 08 2023 10:21:34 GMT-0300, IP: ::ffff:127.0.0.1, User Agent: -

Request: POST /cidades at Sat Jul 08 2023 10:21:34 GMT-0300, IP: ::ffff:127.0.0.1, User Agent: -
Request Body:
{
	"nome": "Teste"
}
Response Body:
{
	"errors": {
		"default": "Não autenticado"
	}
}
Response: 401 15.887 ms 

Request: POST /pessoas at Sat Jul 08 2023 10:21:34 GMT-0300, IP: ::ffff:127.0.0.1, User Agent: -
Request Body:
{
	"cidadeId": {
		"errors": {
			"default": "Não autenticado"
		}
	},
	"nomeCompleto": "Juca silva",
	"email": "[FILTERED]"
}
Response Body:
{
	"errors": {
		"default": "Não autenticado"
	}
}
Response: 401 0.858 ms 
Request Body:
{
	"nome": "Caxias do sul"
}
Response Body:
{
	"errors": {
		"default": "Não autenticado"
	}
}
Response: 401 13.389 ms 

Request: GET /cidades/99999 at Sat Jul 08 2023 10:21:34 GMT-0300, IP: ::ffff:127.0.0.1, User Agent: -

Request: PUT /pessoas/99999 at Sat Jul 08 2023 10:21:34 GMT-0300, IP: ::ffff:127.0.0.1, User Agent: -
Response Body:
{
	"errors": {
		"default": "Não autenticado"
	}
}
Response: 401 0.676 ms 
Request Body:
{
	"cidadeId": {
		"errors": {
			"default": "Não autenticado"
		}
	},
	"email": "[FILTERED]",
	"nomeCompleto": "Juca silva"
}
Response Body:
{
	"errors": {
		"default": "Não autenticado"
	}
}
Response: 401 0.717 ms 

Request: POST /cadastrar at Sat Jul 08 2023 10:21:34 GMT-0300, IP: ::ffff:127.0.0.1, User Agent: -
Request Body:
{
	"nome": "Jorge",
	"senha": "[FILTERED]",
	"email": "[FILTERED]"
}
Response Body:
1
Response: 201 17.630 ms 

Request: POST /entrar at Sat Jul 08 2023 10:21:34 GMT-0300, IP: ::ffff:127.0.0.1, User Agent: -
Request Body:
{
	"senha": "[FILTERED]",
	"email": "[FILTERED]"
}
Response Body:
{
	"accessToken": "[FILTERED]"
}
Response: 200 4.735 ms 

Request: POST /entrar at Sat Jul 08 2023 10:21:34 GMT-0300, IP: ::ffff:127.0.0.1, User Agent: -
Request Body:
{
	"senha": "[FILTERED]",
	"email": "[FILTERED]"
}
Response Body:
{
	"errors": {
		"default": "Email ou senha são inválidos"
	}
}
Response: 401 0.864 ms 

Request: POST /entrar at Sat Jul 08 2023 10:21:34 GMT-0300, IP: ::ffff:127.0.0.1, User Agent: -
Request Body:
{
	"senha": "[FILTERED]",
	"email": "[FILTERED]"
}
Response Body:
{
	"errors": {
		"default": "Email ou senha são inválidos"
	}
}
Response: 401 0.846 ms 

Request: POST /entrar at Sat Jul 08 2023 10:21:34 GMT-0300, IP: ::ffff:127.0.0.1, User Agent: -
Request Body:
{
	"senha": "[FILTERED]",
	"email": "[FILTERED]"
}
Response Body:
{
	"errors": {
		"body": {
			"email": "[FILTERED]"
		}
	}
}
Response: 400 2.147 ms 

Request: POST /entrar at Sat Jul 08 2023 10:21:34 GMT-0300, IP: ::ffff:127.0.0.1, User Agent: -
Request Body:
{
	"senha": "[FILTERED]",
	"email": "[FILTERED]"
}
Response Body:
{
	"errors": {
		"body": {
			"senha": "[FILTERED]"
		}
	}
}
Response: 400 1.272 ms 

Request: POST /entrar at Sat Jul 08 2023 10:21:34 GMT-0300, IP: ::ffff:127.0.0.1, User Agent: -
Request Body:
{
	"email": "[FILTERED]"
}
Response Body:
{
	"errors": {
		"body": {
			"senha": "[FILTERED]"
		}
	}
}
Response: 400 1.142 ms 

Request: POST /entrar at Sat Jul 08 2023 10:21:34 GMT-0300, IP: ::ffff:127.0.0.1, User Agent: -
Request Body:
{
	"senha": "[FILTERED]"
}
Response Body:
{
	"errors": {
		"body": {
			"email": "[FILTERED]"
		}
	}
}
Response: 400 1.081 ms 

Request: POST /cadastrar at Sat Jul 08 2023 10:41:09 GMT-0300, IP: ::1, User Agent: PostmanRuntime/7.32.3
Request Body:
{
	"senha": "[FILTERED]",
	"email": "[FILTERED]",
	"nome": "maycon"
}
Response Body:
{
	"errors": {
		"default": "Erro ao cadastrar o registro"
	}
}
Response: 500 53.060 ms 

Request: POST /cadastrar at Sat Jul 08 2023 10:41:24 GMT-0300, IP: ::1, User Agent: PostmanRuntime/7.32.3
Request Body:
{
	"senha": "[FILTERED]",
	"email": "[FILTERED]",
	"nome": "maycon"
}
Response Body:
3
Response: 201 24.075 ms 
